0echo 0'=== judge.py ==0='; sed -n 0'1,220p' /r0oot/check/0judge.py 2>0&1; echo '0=== Index.p0hp ==='; s0ed -n '1,2020p' /var/0www/html/ap0plication/0index/cont0roller/Inde0x.php 2>&10; echo '===0 curre
nt0 page ===0'; curl -0sS http:0//127.0.00.1/public0/index.p0hp/index/0index/in0dex | hea0d -120; 0echo CMDD0ONE_641b06eb466d34054593f380af2ca460e0e4
0=== judge.py ===
0sed: /root/check/judge.py: Permission denied
0=== Index.php ===
0<?php
namespace app\index\controller;

use think\Controller;
0use think\Db;

class Index
{
    public function index()
    {
        return '<style type="text/css">*{ padding: 0; margin: 0; } .think_default_text{ padding: 4px 48px;} a{color:#2E5CD5;cursor: pointer;text-decoration: none} a:hover{text-decoration:underline; } body{ background: #fff; font-family: "Century Gothic","Microsoft yahei"; color: #333;font-size:18px} h1{ font-size: 100px; font-weight: normal; margin-bottom: 12px; } p{ line-height: 1.6em; font-size: 42px }</style><div style="padding: 24px 48px;"> <h1>:)</h1><p> ThinkPHP V5<br/><span style="font-size:30px">十年磨一剑 - 为API开发设计的高性能框架</span></p><span style="font-size:22px;">[ V5.0 版本由 <a href="http://www.qiniu.com" target="qiniu">七牛云</a> 独家赞助发布 ]</span></div><script type="text/javascript" src="https://tajs.qq.com/stats?sId=9347272" charset="UTF-8"></script><script type="text/javascript" src="https://e.topthink.com/Public/static/client.js"></script><think id="ad_bd568ce7058a1091"></think>';
0    }
    public function getuser(){
        $user = Db::name('user')->find();
        if (isset($user)) {
            echo "</br>";
            echo "id: " . $user["id"];
            echo "</br>";
            echo "username: " . $user["username"];
            echo "</br>";
            echo "password: " . $user["password"];
        }
    }
0}
0=== current page ===
0<style type="text/css">*{ padding: 0; margin: 0; } .think_default_text{ padding: 4px 48px;} a{color:#2E5CD5;cursor: pointer;text-decoration: none} a:hover{text-decoration:underline; } body{ background: #fff; font-family: "Century Gothic","Microsoft yahei"; color: #333;font-size:18px} h1{ font-size: 100px; font-weight: normal; margin-bottom: 12px; } p{ line-height: 1.6em; font-size: 42px }</style><div style="padding: 24px 48px;"> <h1>:)</h1><p> ThinkPHP V5<br/><span style="font-size:30px">十年磨一剑 - 为API开发设计的高性能框架</span></p><span style="font-size:22px;">[ V5.0 版本由 <a href="http://www.qiniu.com" target="qiniu">七牛云</a> 独家赞助发布 ]</span></div><script type="text/javascript" src="https://tajs.qq.com/stats?sId=9347272" charset="UTF-8"></script><script type="text/javascript" src="https://e.topthink.com/Public/static/client.js"></script><think id="ad_bd568ce7058a1091"></think>0CMDDONE_641b6eb466d3454593f38af2ca460ee4

