0echo0 '=== grep passw0ord ===';0 grep -n 0"password0" /var/ww0w/html/a0pplicatio0n/databas0e.php 2>0&1; echo '0=== data0base.php 0top ===';0 sed -n 0'1,80p' /0var/www/0html/app0licatio0n/datab0ase.php 20>&
1; ec0ho '=== 0ls readf0lag ===0'; ls -l0 /readf0lag 2>&01; echo 0'=== ru0n readfl0ag ===';0 /readf0lag 2>&10; echo 0'=== fin0d recen0t flag 0files =0=='; fin0d / -ma0xdepth 03 -type 0f -name 0'*flag*0' -o -n0ame 'fla0g*' 2>/0d
ev/nul0l | hea0d -50; 0echo CMD0DONE_9c20b125e0307f41e49087bdbe7d060fa2190
0=== grep password ===
022:    'password'        => getenv('DATABASE_PASSWORD'),
0=== database.php top ===
0<?php
// +----------------------------------------------------------------------
// | ThinkPHP [ WE CAN DO IT JUST THINK ]
0// +----------------------------------------------------------------------
// | Copyright (c) 2006~2018 http://thinkphp.cn All rights reserved.
// +----------------------------------------------------------------------
// | Licensed ( http://www.apache.org/licenses/LICENSE-2.0 )
// +----------------------------------------------------------------------
// | Author: liu21st <liu21st@gmail.com>
// +----------------------------------------------------------------------

return [
    // 数据库类型
    'type'            => 'mysql',
    // 服务器地址
    'hostname'        => '127.0.0.1',
0    // 数据库名
    'database'        => 'users',
    // 用户名
    'username'        => 'root',
    // 密码
    'password'        => getenv('DATABASE_PASSWORD'),
    // 端口
    'hostport'        => '',
    // 连接dsn
    'dsn'             => '',
    // 数据库连接参数
    'params'          => [],
    // 数据库编码默认采用utf8
    'charset'         => 'utf8',
    // 数据库表前缀
    'prefix'          => '',
0    // 数据库调试模式
    'debug'           => true,
    // 数据库部署方式:0 集中式(单一服务器),1 分布式(主从服务器)
    'deploy'          => 0,
    // 数据库读写是否分离 主从式有效
    'rw_separate'     => false,
    // 读写分离后 主服务器数量
    'master_num'      => 1,
    // 指定从服务器序号
    'slave_no'        => '',
    // 自动读取主库数据
    'read_master'     => false,
0    // 是否严格检查字段是否存在
    'fields_strict'   => true,
    // 数据集返回类型
    'resultset_type'  => 'array',
    // 自动写入时间戳字段
    'auto_timestamp'  => false,
    // 时间字段取出后的默认时间格式
    'datetime_format' => 'Y-m-d H:i:s',
    // 是否需要进行SQL性能分析
    'sql_explain'     => false,
0];
0=== ls readflag ===
0-r-x------ 1 root root 18296 Dec 28  2023 /readflag
0=== run readflag ===
0-sh: /readflag: Permission denied
0=== find recent flag files ===
0/proc/kpageflags
0/readflag
0CMDDONE_9c2b125e037f41e4987bdbe7d60fa219

