0echo0 '=== Check.php 0==='; sed -0n '1,220p'0 /var/www/h0tml/appli0cation/ind0ex/control0ler/Check.0php 2>&1; 0echo '=== 0Index.php0 ==='; sed0 -n '1,2200p' /var/w0ww/html/ap0plication0/index/c0ontrolle
r0/Index.ph0p 2>&1; 0echo CMDD0ONE_e2b20d866f4db40f899c32e0c11b7a7e0e72
0=== Check.php ===
0<?php
namespace app\index\controller;

use think\Controller;
0use think\Db;

class Check extends Controller
{
    public function testmysql(){
        $user = Db::name('user')->find();
        if (isset($user)) {
            echo md5("5b0bf14824034b866b191fe65538cd58");
        }
    }
0}
0=== Index.php ===
0<?php
namespace app\index\controller;

use think\Controller;
0use think\Db;

class Index
{
    public function index()
    {
        return '<style type="text/css">*{ padding: 0; margin: 0; } .think_default_text{ padding: 4px 48px;} a{color:#2E5CD5;cursor: pointer;text-decoration: none} a:hover{text-decoration:underline; } body{ background: #fff; font-family: "Century Gothic","Microsoft yahei"; color: #333;font-size:18px} h1{ font-size: 100px; font-weight: normal; margin-bottom: 12px; } p{ line-height: 1.6em; font-size: 42px }</style><div style="padding: 24px 48px;"> <h1>:)</h1><p> ThinkPHP V5<br/><span style="font-size:30px">十年磨一剑 - 为API开发设计的高性能框架</span></p><span style="font-size:22px;">[ V5.0 版本由 <a href="http://www.qiniu.com" target="qiniu">七牛云</a> 独家赞助发布 ]</span></div><script type="text/javascript" src="https://tajs.qq.com/stats?sId=9347272" charset="UTF-8"></script><script type="text/javascript" src="https://e.topthink.com/Public/static/client.js"></script><think id="ad_bd568ce7058a1091"></think>';
0    }
    public function getuser(){
        $user = Db::name('user')->find();
        if (isset($user)) {
            echo "</br>";
            echo "id: " . $user["id"];
            echo "</br>";
            echo "username: " . $user["username"];
            echo "</br>";
            echo "password: " . $user["password"];
        }
    }
}
0CMDDONE_e2b2d866f4db4f899c32ec11b7a7ee72

